************* SWIFT: Version 2.0 *************
  
 Authors:
    Martin Duncan: Queen's University 
    Hal Levison: Southwest Research Institute 
  
  Please address any comments or questions to:
    Hal Levison 
    Geophysical, Astrophysical, & Planetary Sciences
    Southwest Research Institute
    1050 Walnut St.
    Suite 429 
    Boulder, Co  80302 
    (303) 546-0290 
    Fax: (303) 546-9687 
    (D)  swri::levison 
    (I)  hal@gort.space.swri.edu 
  
 ----------------------------------------------------
  
 Enter name of parameter data file : 
 Parameter data file is param.in                                                                        
 t0,tstop,dt :    0.0000000000000000        100000000.00000000       1.00000000000000002E-002
 dtout,dtdump :    5000.0000000000000        100000.00000000000     
 F T F T T F  =           22
 rmin,rmax,rmaxu,qmin,lclose :  5.00000000000000010E-003   100.00000000000000       -1.0000000000000000       -1.0000000000000000      F
 outfile : output.bin                                                                      
  
  
 Enter name of planet data file : 
 Planet data file is pl.in                                                                           

Number of bodies (incl. the Sun) is     9
For each, list mass 
Followed by x,y,z,vx,vy,vz : 

   39.476926421373015     
   0.0000000000000000        0.0000000000000000        0.0000000000000000     
   0.0000000000000000        0.0000000000000000        0.0000000000000000     
  6.55371264038404785E-006
 -0.14072807996404449      -0.44390095776633298      -2.33455597131233400E-002
   7.7319302685030999       -2.5925355290475625      -0.92146400501483106     
  9.66331432818604377E-005
 -0.71863021690396489      -2.25038010557162514E-002  4.11718413768246277E-002
  0.18756783983282135       -7.4168182275808761      -0.11219548978520137     
  1.20026937570499704E-004
 -0.16855044899082619       0.96876365867489422      -1.15184946403213410E-006
  -6.2932613276903213       -1.1005982640753948       8.81173936383344867E-006
  1.27397977711674297E-005
   1.3903610660440691      -2.10097214900346711E-002 -3.46180146134618671E-002
  0.27318037773029197        5.5467955958126618       0.10948486026663753     
  3.76922430388803575E-002
   4.0034600742514730        2.9353536592402110      -0.10182327307510031     
  -1.6668086503476836        2.3546782982997034       2.75604256797242902E-002
  1.12858877559991692E-002
   6.4085547250900481        6.5680441458352643      -0.36912788582656592     
  -1.5673314743294215        1.4213998439815614       3.75757472517197072E-002
  1.72366189172434500E-003
   14.430517518075639       -13.735658290916440      -0.23812846876211180     
  0.97827825768585475       0.97610963675297124      -9.04960586939780424E-003
  2.03361206035048390E-003
   16.810756367813681       -24.992651293235209       0.12727128023000739     
  0.94211464130902933       0.64896501128194528      -3.50307302477718269E-002
 Enter name of test particle data file : 
 Test particle file called tp.in                                                                           
  
 ntp :            0
  
  ************** MAIN LOOP ****************** 
 Time =  1.00000E+05: fraction done = 0.001: Number of active tp =   0
 Time =  2.00000E+05: fraction done = 0.002: Number of active tp =   0
 Time =  3.00000E+05: fraction done = 0.003: Number of active tp =   0
 Time =  4.00000E+05: fraction done = 0.004: Number of active tp =   0
 Time =  5.00000E+05: fraction done = 0.005: Number of active tp =   0
 Time =  6.00000E+05: fraction done = 0.006: Number of active tp =   0
 Time =  7.00000E+05: fraction done = 0.007: Number of active tp =   0
 Time =  8.00000E+05: fraction done = 0.008: Number of active tp =   0
 Time =  9.00000E+05: fraction done = 0.009: Number of active tp =   0
 Time =  1.00000E+06: fraction done = 0.010: Number of active tp =   0
 Time =  1.10000E+06: fraction done = 0.011: Number of active tp =   0
 Time =  1.20000E+06: fraction done = 0.012: Number of active tp =   0
 Time =  1.30000E+06: fraction done = 0.013: Number of active tp =   0
 Time =  1.40000E+06: fraction done = 0.014: Number of active tp =   0
 Time =  1.50000E+06: fraction done = 0.015: Number of active tp =   0
 Time =  1.60000E+06: fraction done = 0.016: Number of active tp =   0
 Time =  1.70000E+06: fraction done = 0.017: Number of active tp =   0
 Time =  1.80000E+06: fraction done = 0.018: Number of active tp =   0
 Time =  1.90000E+06: fraction done = 0.019: Number of active tp =   0
 Time =  2.00000E+06: fraction done = 0.020: Number of active tp =   0
 Time =  2.10000E+06: fraction done = 0.021: Number of active tp =   0
 Time =  2.20000E+06: fraction done = 0.022: Number of active tp =   0
 Time =  2.30000E+06: fraction done = 0.023: Number of active tp =   0
 Time =  2.40000E+06: fraction done = 0.024: Number of active tp =   0
 Time =  2.50000E+06: fraction done = 0.025: Number of active tp =   0
 Time =  2.60000E+06: fraction done = 0.026: Number of active tp =   0
 Time =  2.70000E+06: fraction done = 0.027: Number of active tp =   0
 Time =  2.80000E+06: fraction done = 0.028: Number of active tp =   0
 Time =  2.90000E+06: fraction done = 0.029: Number of active tp =   0
 Time =  3.00000E+06: fraction done = 0.030: Number of active tp =   0
 Time =  3.10000E+06: fraction done = 0.031: Number of active tp =   0
 Time =  3.20000E+06: fraction done = 0.032: Number of active tp =   0
 Time =  3.30000E+06: fraction done = 0.033: Number of active tp =   0
 Time =  3.40000E+06: fraction done = 0.034: Number of active tp =   0
 Time =  3.50000E+06: fraction done = 0.035: Number of active tp =   0
 Time =  3.60000E+06: fraction done = 0.036: Number of active tp =   0
 Time =  3.70000E+06: fraction done = 0.037: Number of active tp =   0
 Time =  3.80000E+06: fraction done = 0.038: Number of active tp =   0
 Time =  3.90000E+06: fraction done = 0.039: Number of active tp =   0
 Time =  4.00000E+06: fraction done = 0.040: Number of active tp =   0
 Time =  4.10000E+06: fraction done = 0.041: Number of active tp =   0
 Time =  4.20000E+06: fraction done = 0.042: Number of active tp =   0
 Time =  4.30000E+06: fraction done = 0.043: Number of active tp =   0
 Time =  4.40000E+06: fraction done = 0.044: Number of active tp =   0
 Time =  4.50000E+06: fraction done = 0.045: Number of active tp =   0
 Time =  4.60000E+06: fraction done = 0.046: Number of active tp =   0
 Time =  4.70000E+06: fraction done = 0.047: Number of active tp =   0
 Time =  4.80000E+06: fraction done = 0.048: Number of active tp =   0
 Time =  4.90000E+06: fraction done = 0.049: Number of active tp =   0
 Time =  5.00000E+06: fraction done = 0.050: Number of active tp =   0
 Time =  5.10000E+06: fraction done = 0.051: Number of active tp =   0
 Time =  5.20000E+06: fraction done = 0.052: Number of active tp =   0
 Time =  5.30000E+06: fraction done = 0.053: Number of active tp =   0
 Time =  5.40000E+06: fraction done = 0.054: Number of active tp =   0
 Time =  5.50000E+06: fraction done = 0.055: Number of active tp =   0
 Time =  5.60000E+06: fraction done = 0.056: Number of active tp =   0
 Time =  5.70000E+06: fraction done = 0.057: Number of active tp =   0
 Time =  5.80000E+06: fraction done = 0.058: Number of active tp =   0
 Time =  5.90000E+06: fraction done = 0.059: Number of active tp =   0
 Time =  6.00000E+06: fraction done = 0.060: Number of active tp =   0
 Time =  6.10000E+06: fraction done = 0.061: Number of active tp =   0
 Time =  6.20000E+06: fraction done = 0.062: Number of active tp =   0
 Time =  6.30000E+06: fraction done = 0.063: Number of active tp =   0
 Time =  6.40000E+06: fraction done = 0.064: Number of active tp =   0
 Time =  6.50000E+06: fraction done = 0.065: Number of active tp =   0
 Time =  6.60000E+06: fraction done = 0.066: Number of active tp =   0
 Time =  6.70000E+06: fraction done = 0.067: Number of active tp =   0
 Time =  6.80000E+06: fraction done = 0.068: Number of active tp =   0
 Time =  6.90000E+06: fraction done = 0.069: Number of active tp =   0
 Time =  7.00000E+06: fraction done = 0.070: Number of active tp =   0
 Time =  7.10000E+06: fraction done = 0.071: Number of active tp =   0
 Time =  7.20000E+06: fraction done = 0.072: Number of active tp =   0
 Time =  7.30000E+06: fraction done = 0.073: Number of active tp =   0
 Time =  7.40000E+06: fraction done = 0.074: Number of active tp =   0
 Time =  7.50000E+06: fraction done = 0.075: Number of active tp =   0
 Time =  7.60000E+06: fraction done = 0.076: Number of active tp =   0
 Time =  7.70000E+06: fraction done = 0.077: Number of active tp =   0
 Time =  7.80000E+06: fraction done = 0.078: Number of active tp =   0
 Time =  7.90000E+06: fraction done = 0.079: Number of active tp =   0
 Time =  8.00000E+06: fraction done = 0.080: Number of active tp =   0
 Time =  8.10000E+06: fraction done = 0.081: Number of active tp =   0
 Time =  8.20000E+06: fraction done = 0.082: Number of active tp =   0
 Time =  8.30000E+06: fraction done = 0.083: Number of active tp =   0
 Time =  8.40000E+06: fraction done = 0.084: Number of active tp =   0
 Time =  8.50000E+06: fraction done = 0.085: Number of active tp =   0
 Time =  8.60000E+06: fraction done = 0.086: Number of active tp =   0
 Time =  8.70000E+06: fraction done = 0.087: Number of active tp =   0
 Time =  8.80000E+06: fraction done = 0.088: Number of active tp =   0
 Time =  8.90000E+06: fraction done = 0.089: Number of active tp =   0
 Time =  9.00000E+06: fraction done = 0.090: Number of active tp =   0
 Time =  9.10000E+06: fraction done = 0.091: Number of active tp =   0
 Time =  9.20000E+06: fraction done = 0.092: Number of active tp =   0
 Time =  9.30000E+06: fraction done = 0.093: Number of active tp =   0
 Time =  9.40000E+06: fraction done = 0.094: Number of active tp =   0
 Time =  9.50000E+06: fraction done = 0.095: Number of active tp =   0
 Time =  9.60000E+06: fraction done = 0.096: Number of active tp =   0
 Time =  9.70000E+06: fraction done = 0.097: Number of active tp =   0
 Time =  9.80000E+06: fraction done = 0.098: Number of active tp =   0
 Time =  9.90000E+06: fraction done = 0.099: Number of active tp =   0
 Time =  1.00000E+07: fraction done = 0.100: Number of active tp =   0
 Time =  1.01000E+07: fraction done = 0.101: Number of active tp =   0
 Time =  1.02000E+07: fraction done = 0.102: Number of active tp =   0
 Time =  1.03000E+07: fraction done = 0.103: Number of active tp =   0
 Time =  1.04000E+07: fraction done = 0.104: Number of active tp =   0
 Time =  1.05000E+07: fraction done = 0.105: Number of active tp =   0
 Time =  1.06000E+07: fraction done = 0.106: Number of active tp =   0
 Time =  1.07000E+07: fraction done = 0.107: Number of active tp =   0
 Time =  1.08000E+07: fraction done = 0.108: Number of active tp =   0
 Time =  1.09000E+07: fraction done = 0.109: Number of active tp =   0
 Time =  1.10000E+07: fraction done = 0.110: Number of active tp =   0
 Time =  1.11000E+07: fraction done = 0.111: Number of active tp =   0
 Time =  1.12000E+07: fraction done = 0.112: Number of active tp =   0
 Time =  1.13000E+07: fraction done = 0.113: Number of active tp =   0
 Time =  1.14000E+07: fraction done = 0.114: Number of active tp =   0
 Time =  1.15000E+07: fraction done = 0.115: Number of active tp =   0
 Time =  1.16000E+07: fraction done = 0.116: Number of active tp =   0
 Time =  1.17000E+07: fraction done = 0.117: Number of active tp =   0
 Time =  1.18000E+07: fraction done = 0.118: Number of active tp =   0
 Time =  1.19000E+07: fraction done = 0.119: Number of active tp =   0
 Time =  1.20000E+07: fraction done = 0.120: Number of active tp =   0
 Time =  1.21000E+07: fraction done = 0.121: Number of active tp =   0
 Time =  1.22000E+07: fraction done = 0.122: Number of active tp =   0
 Time =  1.23000E+07: fraction done = 0.123: Number of active tp =   0
 Time =  1.24000E+07: fraction done = 0.124: Number of active tp =   0
 Time =  1.25000E+07: fraction done = 0.125: Number of active tp =   0
 Time =  1.26000E+07: fraction done = 0.126: Number of active tp =   0
 Time =  1.27000E+07: fraction done = 0.127: Number of active tp =   0
 Time =  1.28000E+07: fraction done = 0.128: Number of active tp =   0
 Time =  1.29000E+07: fraction done = 0.129: Number of active tp =   0
 Time =  1.30000E+07: fraction done = 0.130: Number of active tp =   0
 Time =  1.31000E+07: fraction done = 0.131: Number of active tp =   0
 Time =  1.32000E+07: fraction done = 0.132: Number of active tp =   0
 Time =  1.33000E+07: fraction done = 0.133: Number of active tp =   0
 Time =  1.34000E+07: fraction done = 0.134: Number of active tp =   0
 Time =  1.35000E+07: fraction done = 0.135: Number of active tp =   0
 Time =  1.36000E+07: fraction done = 0.136: Number of active tp =   0
 Time =  1.37000E+07: fraction done = 0.137: Number of active tp =   0
 Time =  1.38000E+07: fraction done = 0.138: Number of active tp =   0
 Time =  1.39000E+07: fraction done = 0.139: Number of active tp =   0
 Time =  1.40000E+07: fraction done = 0.140: Number of active tp =   0
 Time =  1.41000E+07: fraction done = 0.141: Number of active tp =   0
 Time =  1.42000E+07: fraction done = 0.142: Number of active tp =   0
 Time =  1.43000E+07: fraction done = 0.143: Number of active tp =   0
 Time =  1.44000E+07: fraction done = 0.144: Number of active tp =   0
 Time =  1.45000E+07: fraction done = 0.145: Number of active tp =   0
 Time =  1.46000E+07: fraction done = 0.146: Number of active tp =   0
 Time =  1.47000E+07: fraction done = 0.147: Number of active tp =   0
 Time =  1.48000E+07: fraction done = 0.148: Number of active tp =   0
 Time =  1.49000E+07: fraction done = 0.149: Number of active tp =   0
 Time =  1.50000E+07: fraction done = 0.150: Number of active tp =   0
 Time =  1.51000E+07: fraction done = 0.151: Number of active tp =   0
 Time =  1.52000E+07: fraction done = 0.152: Number of active tp =   0
 Time =  1.53000E+07: fraction done = 0.153: Number of active tp =   0
 Time =  1.54000E+07: fraction done = 0.154: Number of active tp =   0
 Time =  1.55000E+07: fraction done = 0.155: Number of active tp =   0
 Time =  1.56000E+07: fraction done = 0.156: Number of active tp =   0
 Time =  1.57000E+07: fraction done = 0.157: Number of active tp =   0
 Time =  1.58000E+07: fraction done = 0.158: Number of active tp =   0
 Time =  1.59000E+07: fraction done = 0.159: Number of active tp =   0
 Time =  1.60000E+07: fraction done = 0.160: Number of active tp =   0
 Time =  1.61000E+07: fraction done = 0.161: Number of active tp =   0
 Time =  1.62000E+07: fraction done = 0.162: Number of active tp =   0
 Time =  1.63000E+07: fraction done = 0.163: Number of active tp =   0
 Time =  1.64000E+07: fraction done = 0.164: Number of active tp =   0
 Time =  1.65000E+07: fraction done = 0.165: Number of active tp =   0
 Time =  1.66000E+07: fraction done = 0.166: Number of active tp =   0
 Time =  1.67000E+07: fraction done = 0.167: Number of active tp =   0
 Time =  1.68000E+07: fraction done = 0.168: Number of active tp =   0
 Time =  1.69000E+07: fraction done = 0.169: Number of active tp =   0
 Time =  1.70000E+07: fraction done = 0.170: Number of active tp =   0
 Time =  1.71000E+07: fraction done = 0.171: Number of active tp =   0
 Time =  1.72000E+07: fraction done = 0.172: Number of active tp =   0
 Time =  1.73000E+07: fraction done = 0.173: Number of active tp =   0
 Time =  1.74000E+07: fraction done = 0.174: Number of active tp =   0
 Time =  1.75000E+07: fraction done = 0.175: Number of active tp =   0
 Time =  1.76000E+07: fraction done = 0.176: Number of active tp =   0
 Time =  1.77000E+07: fraction done = 0.177: Number of active tp =   0
 Time =  1.78000E+07: fraction done = 0.178: Number of active tp =   0
 Time =  1.79000E+07: fraction done = 0.179: Number of active tp =   0
 Time =  1.80000E+07: fraction done = 0.180: Number of active tp =   0
 Time =  1.81000E+07: fraction done = 0.181: Number of active tp =   0
 Time =  1.82000E+07: fraction done = 0.182: Number of active tp =   0
 Time =  1.83000E+07: fraction done = 0.183: Number of active tp =   0
 Time =  1.84000E+07: fraction done = 0.184: Number of active tp =   0
 Time =  1.85000E+07: fraction done = 0.185: Number of active tp =   0
 Time =  1.86000E+07: fraction done = 0.186: Number of active tp =   0
 Time =  1.87000E+07: fraction done = 0.187: Number of active tp =   0
 Time =  1.88000E+07: fraction done = 0.188: Number of active tp =   0
 Time =  1.89000E+07: fraction done = 0.189: Number of active tp =   0
 Time =  1.90000E+07: fraction done = 0.190: Number of active tp =   0
 Time =  1.91000E+07: fraction done = 0.191: Number of active tp =   0
 Time =  1.92000E+07: fraction done = 0.192: Number of active tp =   0
 Time =  1.93000E+07: fraction done = 0.193: Number of active tp =   0
 Time =  1.94000E+07: fraction done = 0.194: Number of active tp =   0
 Time =  1.95000E+07: fraction done = 0.195: Number of active tp =   0
 Time =  1.96000E+07: fraction done = 0.196: Number of active tp =   0
 Time =  1.97000E+07: fraction done = 0.197: Number of active tp =   0
 Time =  1.98000E+07: fraction done = 0.198: Number of active tp =   0
 Time =  1.99000E+07: fraction done = 0.199: Number of active tp =   0
 Time =  2.00000E+07: fraction done = 0.200: Number of active tp =   0
 Time =  2.01000E+07: fraction done = 0.201: Number of active tp =   0
 Time =  2.02000E+07: fraction done = 0.202: Number of active tp =   0
 Time =  2.03000E+07: fraction done = 0.203: Number of active tp =   0
 Time =  2.04000E+07: fraction done = 0.204: Number of active tp =   0
 Time =  2.05000E+07: fraction done = 0.205: Number of active tp =   0
 Time =  2.06000E+07: fraction done = 0.206: Number of active tp =   0
 Time =  2.07000E+07: fraction done = 0.207: Number of active tp =   0
 Time =  2.08000E+07: fraction done = 0.208: Number of active tp =   0
 Time =  2.09000E+07: fraction done = 0.209: Number of active tp =   0
 Time =  2.10000E+07: fraction done = 0.210: Number of active tp =   0
 Time =  2.11000E+07: fraction done = 0.211: Number of active tp =   0
 Time =  2.12000E+07: fraction done = 0.212: Number of active tp =   0
 Time =  2.13000E+07: fraction done = 0.213: Number of active tp =   0
 Time =  2.14000E+07: fraction done = 0.214: Number of active tp =   0
 Time =  2.15000E+07: fraction done = 0.215: Number of active tp =   0
 Time =  2.16000E+07: fraction done = 0.216: Number of active tp =   0
 Time =  2.17000E+07: fraction done = 0.217: Number of active tp =   0
 Time =  2.18000E+07: fraction done = 0.218: Number of active tp =   0
 Time =  2.19000E+07: fraction done = 0.219: Number of active tp =   0
 Time =  2.20000E+07: fraction done = 0.220: Number of active tp =   0
 Time =  2.21000E+07: fraction done = 0.221: Number of active tp =   0
 Time =  2.22000E+07: fraction done = 0.222: Number of active tp =   0
 Time =  2.23000E+07: fraction done = 0.223: Number of active tp =   0
 Time =  2.24000E+07: fraction done = 0.224: Number of active tp =   0
 Time =  2.25000E+07: fraction done = 0.225: Number of active tp =   0
 Time =  2.26000E+07: fraction done = 0.226: Number of active tp =   0
 Time =  2.27000E+07: fraction done = 0.227: Number of active tp =   0
 Time =  2.28000E+07: fraction done = 0.228: Number of active tp =   0
 Time =  2.29000E+07: fraction done = 0.229: Number of active tp =   0
 Time =  2.30000E+07: fraction done = 0.230: Number of active tp =   0
 Time =  2.31000E+07: fraction done = 0.231: Number of active tp =   0
 Time =  2.32000E+07: fraction done = 0.232: Number of active tp =   0
 Time =  2.33000E+07: fraction done = 0.233: Number of active tp =   0
 Time =  2.34000E+07: fraction done = 0.234: Number of active tp =   0
 Time =  2.35000E+07: fraction done = 0.235: Number of active tp =   0
 Time =  2.36000E+07: fraction done = 0.236: Number of active tp =   0
 Time =  2.37000E+07: fraction done = 0.237: Number of active tp =   0
 Time =  2.38000E+07: fraction done = 0.238: Number of active tp =   0
 Time =  2.39000E+07: fraction done = 0.239: Number of active tp =   0
 Time =  2.40000E+07: fraction done = 0.240: Number of active tp =   0
 Time =  2.41000E+07: fraction done = 0.241: Number of active tp =   0
 Time =  2.42000E+07: fraction done = 0.242: Number of active tp =   0
 Time =  2.43000E+07: fraction done = 0.243: Number of active tp =   0
 Time =  2.44000E+07: fraction done = 0.244: Number of active tp =   0
 Time =  2.45000E+07: fraction done = 0.245: Number of active tp =   0
 Time =  2.46000E+07: fraction done = 0.246: Number of active tp =   0
 Time =  2.47000E+07: fraction done = 0.247: Number of active tp =   0
 Time =  2.48000E+07: fraction done = 0.248: Number of active tp =   0
 Time =  2.49000E+07: fraction done = 0.249: Number of active tp =   0
 Time =  2.50000E+07: fraction done = 0.250: Number of active tp =   0
 Time =  2.51000E+07: fraction done = 0.251: Number of active tp =   0
 Time =  2.52000E+07: fraction done = 0.252: Number of active tp =   0
 Time =  2.53000E+07: fraction done = 0.253: Number of active tp =   0
 Time =  2.54000E+07: fraction done = 0.254: Number of active tp =   0
 Time =  2.55000E+07: fraction done = 0.255: Number of active tp =   0
 Time =  2.56000E+07: fraction done = 0.256: Number of active tp =   0
 Time =  2.57000E+07: fraction done = 0.257: Number of active tp =   0
 Time =  2.58000E+07: fraction done = 0.258: Number of active tp =   0
 Time =  2.59000E+07: fraction done = 0.259: Number of active tp =   0
 Time =  2.60000E+07: fraction done = 0.260: Number of active tp =   0
 Time =  2.61000E+07: fraction done = 0.261: Number of active tp =   0
 Time =  2.62000E+07: fraction done = 0.262: Number of active tp =   0
 Time =  2.63000E+07: fraction done = 0.263: Number of active tp =   0
 Time =  2.64000E+07: fraction done = 0.264: Number of active tp =   0
 Time =  2.65000E+07: fraction done = 0.265: Number of active tp =   0
 Time =  2.66000E+07: fraction done = 0.266: Number of active tp =   0
 Time =  2.67000E+07: fraction done = 0.267: Number of active tp =   0
 Time =  2.68000E+07: fraction done = 0.268: Number of active tp =   0
 Time =  2.69000E+07: fraction done = 0.269: Number of active tp =   0
 Time =  2.70000E+07: fraction done = 0.270: Number of active tp =   0
 Time =  2.71000E+07: fraction done = 0.271: Number of active tp =   0
 Time =  2.72000E+07: fraction done = 0.272: Number of active tp =   0
 Time =  2.73000E+07: fraction done = 0.273: Number of active tp =   0
 Time =  2.74000E+07: fraction done = 0.274: Number of active tp =   0
 Time =  2.75000E+07: fraction done = 0.275: Number of active tp =   0
 Time =  2.76000E+07: fraction done = 0.276: Number of active tp =   0
 Time =  2.77000E+07: fraction done = 0.277: Number of active tp =   0
 Time =  2.78000E+07: fraction done = 0.278: Number of active tp =   0
 Time =  2.79000E+07: fraction done = 0.279: Number of active tp =   0
 Time =  2.80000E+07: fraction done = 0.280: Number of active tp =   0
 Time =  2.81000E+07: fraction done = 0.281: Number of active tp =   0
 Time =  2.82000E+07: fraction done = 0.282: Number of active tp =   0
 Time =  2.83000E+07: fraction done = 0.283: Number of active tp =   0
 Time =  2.84000E+07: fraction done = 0.284: Number of active tp =   0
 Time =  2.85000E+07: fraction done = 0.285: Number of active tp =   0
 Time =  2.86000E+07: fraction done = 0.286: Number of active tp =   0
 Time =  2.87000E+07: fraction done = 0.287: Number of active tp =   0
 Time =  2.88000E+07: fraction done = 0.288: Number of active tp =   0
 Time =  2.89000E+07: fraction done = 0.289: Number of active tp =   0
 Time =  2.90000E+07: fraction done = 0.290: Number of active tp =   0
 Time =  2.91000E+07: fraction done = 0.291: Number of active tp =   0
 Time =  2.92000E+07: fraction done = 0.292: Number of active tp =   0
 Time =  2.93000E+07: fraction done = 0.293: Number of active tp =   0
 Time =  2.94000E+07: fraction done = 0.294: Number of active tp =   0
 Time =  2.95000E+07: fraction done = 0.295: Number of active tp =   0
 Time =  2.96000E+07: fraction done = 0.296: Number of active tp =   0
 Time =  2.97000E+07: fraction done = 0.297: Number of active tp =   0
 Time =  2.98000E+07: fraction done = 0.298: Number of active tp =   0
 Time =  2.99000E+07: fraction done = 0.299: Number of active tp =   0
 Time =  3.00000E+07: fraction done = 0.300: Number of active tp =   0
 Time =  3.01000E+07: fraction done = 0.301: Number of active tp =   0
 Time =  3.02000E+07: fraction done = 0.302: Number of active tp =   0
 Time =  3.03000E+07: fraction done = 0.303: Number of active tp =   0
 Time =  3.04000E+07: fraction done = 0.304: Number of active tp =   0
 Time =  3.05000E+07: fraction done = 0.305: Number of active tp =   0
 Time =  3.06000E+07: fraction done = 0.306: Number of active tp =   0
 Time =  3.07000E+07: fraction done = 0.307: Number of active tp =   0
 Time =  3.08000E+07: fraction done = 0.308: Number of active tp =   0
 Time =  3.09000E+07: fraction done = 0.309: Number of active tp =   0
 Time =  3.10000E+07: fraction done = 0.310: Number of active tp =   0
 Time =  3.11000E+07: fraction done = 0.311: Number of active tp =   0
 Time =  3.12000E+07: fraction done = 0.312: Number of active tp =   0
 Time =  3.13000E+07: fraction done = 0.313: Number of active tp =   0
 Time =  3.14000E+07: fraction done = 0.314: Number of active tp =   0
 Time =  3.15000E+07: fraction done = 0.315: Number of active tp =   0
 Time =  3.16000E+07: fraction done = 0.316: Number of active tp =   0
 Time =  3.17000E+07: fraction done = 0.317: Number of active tp =   0
 Time =  3.18000E+07: fraction done = 0.318: Number of active tp =   0
 Time =  3.19000E+07: fraction done = 0.319: Number of active tp =   0
 Time =  3.20000E+07: fraction done = 0.320: Number of active tp =   0
 Time =  3.21000E+07: fraction done = 0.321: Number of active tp =   0
 Time =  3.22000E+07: fraction done = 0.322: Number of active tp =   0
 Time =  3.23000E+07: fraction done = 0.323: Number of active tp =   0
 Time =  3.24000E+07: fraction done = 0.324: Number of active tp =   0
 Time =  3.25000E+07: fraction done = 0.325: Number of active tp =   0
 Time =  3.26000E+07: fraction done = 0.326: Number of active tp =   0
 Time =  3.27000E+07: fraction done = 0.327: Number of active tp =   0
 Time =  3.28000E+07: fraction done = 0.328: Number of active tp =   0
 Time =  3.29000E+07: fraction done = 0.329: Number of active tp =   0
 Time =  3.30000E+07: fraction done = 0.330: Number of active tp =   0
 Time =  3.31000E+07: fraction done = 0.331: Number of active tp =   0
 Time =  3.32000E+07: fraction done = 0.332: Number of active tp =   0
 Time =  3.33000E+07: fraction done = 0.333: Number of active tp =   0
 Time =  3.34000E+07: fraction done = 0.334: Number of active tp =   0
 Time =  3.35000E+07: fraction done = 0.335: Number of active tp =   0
 Time =  3.36000E+07: fraction done = 0.336: Number of active tp =   0
 Time =  3.37000E+07: fraction done = 0.337: Number of active tp =   0
 Time =  3.38000E+07: fraction done = 0.338: Number of active tp =   0
 Time =  3.39000E+07: fraction done = 0.339: Number of active tp =   0
 Time =  3.40000E+07: fraction done = 0.340: Number of active tp =   0
 Time =  3.41000E+07: fraction done = 0.341: Number of active tp =   0
 Time =  3.42000E+07: fraction done = 0.342: Number of active tp =   0
 Time =  3.43000E+07: fraction done = 0.343: Number of active tp =   0
 Time =  3.44000E+07: fraction done = 0.344: Number of active tp =   0
 Time =  3.45000E+07: fraction done = 0.345: Number of active tp =   0
 Time =  3.46000E+07: fraction done = 0.346: Number of active tp =   0
 Time =  3.47000E+07: fraction done = 0.347: Number of active tp =   0
 Time =  3.48000E+07: fraction done = 0.348: Number of active tp =   0
 Time =  3.49000E+07: fraction done = 0.349: Number of active tp =   0
 Time =  3.50000E+07: fraction done = 0.350: Number of active tp =   0
 Time =  3.51000E+07: fraction done = 0.351: Number of active tp =   0
 Time =  3.52000E+07: fraction done = 0.352: Number of active tp =   0
 Time =  3.53000E+07: fraction done = 0.353: Number of active tp =   0
 Time =  3.54000E+07: fraction done = 0.354: Number of active tp =   0
 Time =  3.55000E+07: fraction done = 0.355: Number of active tp =   0
 Time =  3.56000E+07: fraction done = 0.356: Number of active tp =   0
 Time =  3.57000E+07: fraction done = 0.357: Number of active tp =   0
 Time =  3.58000E+07: fraction done = 0.358: Number of active tp =   0
 Time =  3.59000E+07: fraction done = 0.359: Number of active tp =   0
 Time =  3.60000E+07: fraction done = 0.360: Number of active tp =   0
 Time =  3.61000E+07: fraction done = 0.361: Number of active tp =   0
 Time =  3.62000E+07: fraction done = 0.362: Number of active tp =   0
 Time =  3.63000E+07: fraction done = 0.363: Number of active tp =   0
 Time =  3.64000E+07: fraction done = 0.364: Number of active tp =   0
 Time =  3.65000E+07: fraction done = 0.365: Number of active tp =   0
 Time =  3.66000E+07: fraction done = 0.366: Number of active tp =   0
 Time =  3.67000E+07: fraction done = 0.367: Number of active tp =   0
 Time =  3.68000E+07: fraction done = 0.368: Number of active tp =   0
 Time =  3.69000E+07: fraction done = 0.369: Number of active tp =   0
 Time =  3.70000E+07: fraction done = 0.370: Number of active tp =   0
 Time =  3.71000E+07: fraction done = 0.371: Number of active tp =   0
 Time =  3.72000E+07: fraction done = 0.372: Number of active tp =   0
 Time =  3.73000E+07: fraction done = 0.373: Number of active tp =   0
 Time =  3.74000E+07: fraction done = 0.374: Number of active tp =   0
 Time =  3.75000E+07: fraction done = 0.375: Number of active tp =   0
 Time =  3.76000E+07: fraction done = 0.376: Number of active tp =   0
 Time =  3.77000E+07: fraction done = 0.377: Number of active tp =   0
 Time =  3.78000E+07: fraction done = 0.378: Number of active tp =   0
 Time =  3.79000E+07: fraction done = 0.379: Number of active tp =   0
 Time =  3.80000E+07: fraction done = 0.380: Number of active tp =   0
 Time =  3.81000E+07: fraction done = 0.381: Number of active tp =   0
 Time =  3.82000E+07: fraction done = 0.382: Number of active tp =   0
 Time =  3.83000E+07: fraction done = 0.383: Number of active tp =   0
 Time =  3.84000E+07: fraction done = 0.384: Number of active tp =   0
 Time =  3.85000E+07: fraction done = 0.385: Number of active tp =   0
 Time =  3.86000E+07: fraction done = 0.386: Number of active tp =   0
 Time =  3.87000E+07: fraction done = 0.387: Number of active tp =   0
 Time =  3.88000E+07: fraction done = 0.388: Number of active tp =   0
 Time =  3.89000E+07: fraction done = 0.389: Number of active tp =   0
 Time =  3.90000E+07: fraction done = 0.390: Number of active tp =   0
 Time =  3.91000E+07: fraction done = 0.391: Number of active tp =   0
 Time =  3.92000E+07: fraction done = 0.392: Number of active tp =   0
 Time =  3.93000E+07: fraction done = 0.393: Number of active tp =   0
 Time =  3.94000E+07: fraction done = 0.394: Number of active tp =   0
 Time =  3.95000E+07: fraction done = 0.395: Number of active tp =   0
 Time =  3.96000E+07: fraction done = 0.396: Number of active tp =   0
 Time =  3.97000E+07: fraction done = 0.397: Number of active tp =   0
 Time =  3.98000E+07: fraction done = 0.398: Number of active tp =   0
 Time =  3.99000E+07: fraction done = 0.399: Number of active tp =   0
 Time =  4.00000E+07: fraction done = 0.400: Number of active tp =   0
 Time =  4.01000E+07: fraction done = 0.401: Number of active tp =   0
 Time =  4.02000E+07: fraction done = 0.402: Number of active tp =   0
 Time =  4.03000E+07: fraction done = 0.403: Number of active tp =   0
 Time =  4.04000E+07: fraction done = 0.404: Number of active tp =   0
 Time =  4.05000E+07: fraction done = 0.405: Number of active tp =   0
 Time =  4.06000E+07: fraction done = 0.406: Number of active tp =   0
 Time =  4.07000E+07: fraction done = 0.407: Number of active tp =   0
 Time =  4.08000E+07: fraction done = 0.408: Number of active tp =   0
 Time =  4.09000E+07: fraction done = 0.409: Number of active tp =   0
 Time =  4.10000E+07: fraction done = 0.410: Number of active tp =   0
 Time =  4.11000E+07: fraction done = 0.411: Number of active tp =   0
 Time =  4.12000E+07: fraction done = 0.412: Number of active tp =   0
 Time =  4.13000E+07: fraction done = 0.413: Number of active tp =   0
 Time =  4.14000E+07: fraction done = 0.414: Number of active tp =   0
 Time =  4.15000E+07: fraction done = 0.415: Number of active tp =   0
 Time =  4.16000E+07: fraction done = 0.416: Number of active tp =   0
 Time =  4.17000E+07: fraction done = 0.417: Number of active tp =   0
 Time =  4.18000E+07: fraction done = 0.418: Number of active tp =   0
 Time =  4.19000E+07: fraction done = 0.419: Number of active tp =   0
 Time =  4.20000E+07: fraction done = 0.420: Number of active tp =   0
 Time =  4.21000E+07: fraction done = 0.421: Number of active tp =   0
 Time =  4.22000E+07: fraction done = 0.422: Number of active tp =   0
 Time =  4.23000E+07: fraction done = 0.423: Number of active tp =   0
 Time =  4.24000E+07: fraction done = 0.424: Number of active tp =   0
 Time =  4.25000E+07: fraction done = 0.425: Number of active tp =   0
 Time =  4.26000E+07: fraction done = 0.426: Number of active tp =   0
 Time =  4.27000E+07: fraction done = 0.427: Number of active tp =   0
 Time =  4.28000E+07: fraction done = 0.428: Number of active tp =   0
 Time =  4.29000E+07: fraction done = 0.429: Number of active tp =   0
 Time =  4.30000E+07: fraction done = 0.430: Number of active tp =   0
 Time =  4.31000E+07: fraction done = 0.431: Number of active tp =   0
 Time =  4.32000E+07: fraction done = 0.432: Number of active tp =   0
 Time =  4.33000E+07: fraction done = 0.433: Number of active tp =   0
 Time =  4.34000E+07: fraction done = 0.434: Number of active tp =   0
 Time =  4.35000E+07: fraction done = 0.435: Number of active tp =   0
 Time =  4.36000E+07: fraction done = 0.436: Number of active tp =   0
 Time =  4.37000E+07: fraction done = 0.437: Number of active tp =   0
 Time =  4.38000E+07: fraction done = 0.438: Number of active tp =   0
 Time =  4.39000E+07: fraction done = 0.439: Number of active tp =   0
 Time =  4.40000E+07: fraction done = 0.440: Number of active tp =   0
 Time =  4.41000E+07: fraction done = 0.441: Number of active tp =   0
 Time =  4.42000E+07: fraction done = 0.442: Number of active tp =   0
 Time =  4.43000E+07: fraction done = 0.443: Number of active tp =   0
 Time =  4.44000E+07: fraction done = 0.444: Number of active tp =   0
 Time =  4.45000E+07: fraction done = 0.445: Number of active tp =   0
 Time =  4.46000E+07: fraction done = 0.446: Number of active tp =   0
 Time =  4.47000E+07: fraction done = 0.447: Number of active tp =   0
 Time =  4.48000E+07: fraction done = 0.448: Number of active tp =   0
 Time =  4.49000E+07: fraction done = 0.449: Number of active tp =   0
 Time =  4.50000E+07: fraction done = 0.450: Number of active tp =   0
 Time =  4.51000E+07: fraction done = 0.451: Number of active tp =   0
 Time =  4.52000E+07: fraction done = 0.452: Number of active tp =   0
 Time =  4.53000E+07: fraction done = 0.453: Number of active tp =   0
 Time =  4.54000E+07: fraction done = 0.454: Number of active tp =   0
 Time =  4.55000E+07: fraction done = 0.455: Number of active tp =   0
 Time =  4.56000E+07: fraction done = 0.456: Number of active tp =   0
 Time =  4.57000E+07: fraction done = 0.457: Number of active tp =   0
 Time =  4.58000E+07: fraction done = 0.458: Number of active tp =   0
 Time =  4.59000E+07: fraction done = 0.459: Number of active tp =   0
 Time =  4.60000E+07: fraction done = 0.460: Number of active tp =   0
 Time =  4.61000E+07: fraction done = 0.461: Number of active tp =   0
 Time =  4.62000E+07: fraction done = 0.462: Number of active tp =   0
 Time =  4.63000E+07: fraction done = 0.463: Number of active tp =   0
 Time =  4.64000E+07: fraction done = 0.464: Number of active tp =   0
 Time =  4.65000E+07: fraction done = 0.465: Number of active tp =   0
 Time =  4.66000E+07: fraction done = 0.466: Number of active tp =   0
 Time =  4.67000E+07: fraction done = 0.467: Number of active tp =   0
 Time =  4.68000E+07: fraction done = 0.468: Number of active tp =   0
 Time =  4.69000E+07: fraction done = 0.469: Number of active tp =   0
 Time =  4.70000E+07: fraction done = 0.470: Number of active tp =   0
 Time =  4.71000E+07: fraction done = 0.471: Number of active tp =   0
 Time =  4.72000E+07: fraction done = 0.472: Number of active tp =   0
 Time =  4.73000E+07: fraction done = 0.473: Number of active tp =   0
 Time =  4.74000E+07: fraction done = 0.474: Number of active tp =   0
 Time =  4.75000E+07: fraction done = 0.475: Number of active tp =   0
 Time =  4.76000E+07: fraction done = 0.476: Number of active tp =   0
 Time =  4.77000E+07: fraction done = 0.477: Number of active tp =   0
 Time =  4.78000E+07: fraction done = 0.478: Number of active tp =   0
 Time =  4.79000E+07: fraction done = 0.479: Number of active tp =   0
 Time =  4.80000E+07: fraction done = 0.480: Number of active tp =   0
 Time =  4.81000E+07: fraction done = 0.481: Number of active tp =   0
 Time =  4.82000E+07: fraction done = 0.482: Number of active tp =   0
 Time =  4.83000E+07: fraction done = 0.483: Number of active tp =   0
 Time =  4.84000E+07: fraction done = 0.484: Number of active tp =   0
 Time =  4.85000E+07: fraction done = 0.485: Number of active tp =   0
 Time =  4.86000E+07: fraction done = 0.486: Number of active tp =   0
 Time =  4.87000E+07: fraction done = 0.487: Number of active tp =   0
 Time =  4.88000E+07: fraction done = 0.488: Number of active tp =   0
 Time =  4.89000E+07: fraction done = 0.489: Number of active tp =   0
 Time =  4.90000E+07: fraction done = 0.490: Number of active tp =   0
 Time =  4.91000E+07: fraction done = 0.491: Number of active tp =   0
 Time =  4.92000E+07: fraction done = 0.492: Number of active tp =   0
 Time =  4.93000E+07: fraction done = 0.493: Number of active tp =   0
 Time =  4.94000E+07: fraction done = 0.494: Number of active tp =   0
 Time =  4.95000E+07: fraction done = 0.495: Number of active tp =   0
 Time =  4.96000E+07: fraction done = 0.496: Number of active tp =   0
 Time =  4.97000E+07: fraction done = 0.497: Number of active tp =   0
 Time =  4.98000E+07: fraction done = 0.498: Number of active tp =   0
 Time =  4.99000E+07: fraction done = 0.499: Number of active tp =   0
 Time =  5.00000E+07: fraction done = 0.500: Number of active tp =   0
 Time =  5.01000E+07: fraction done = 0.501: Number of active tp =   0
 Time =  5.02000E+07: fraction done = 0.502: Number of active tp =   0
 Time =  5.03000E+07: fraction done = 0.503: Number of active tp =   0
 Time =  5.04000E+07: fraction done = 0.504: Number of active tp =   0
 Time =  5.05000E+07: fraction done = 0.505: Number of active tp =   0
 Time =  5.06000E+07: fraction done = 0.506: Number of active tp =   0
 Time =  5.07000E+07: fraction done = 0.507: Number of active tp =   0
 Time =  5.08000E+07: fraction done = 0.508: Number of active tp =   0
 Time =  5.09000E+07: fraction done = 0.509: Number of active tp =   0
 Time =  5.10000E+07: fraction done = 0.510: Number of active tp =   0
 Time =  5.11000E+07: fraction done = 0.511: Number of active tp =   0
 Time =  5.12000E+07: fraction done = 0.512: Number of active tp =   0
 Time =  5.13000E+07: fraction done = 0.513: Number of active tp =   0
 Time =  5.14000E+07: fraction done = 0.514: Number of active tp =   0
 Time =  5.15000E+07: fraction done = 0.515: Number of active tp =   0
 Time =  5.16000E+07: fraction done = 0.516: Number of active tp =   0
 Time =  5.17000E+07: fraction done = 0.517: Number of active tp =   0
 Time =  5.18000E+07: fraction done = 0.518: Number of active tp =   0
 Time =  5.19000E+07: fraction done = 0.519: Number of active tp =   0
 Time =  5.20000E+07: fraction done = 0.520: Number of active tp =   0
 Time =  5.21000E+07: fraction done = 0.521: Number of active tp =   0
 Time =  5.22000E+07: fraction done = 0.522: Number of active tp =   0
 Time =  5.23000E+07: fraction done = 0.523: Number of active tp =   0
 Time =  5.24000E+07: fraction done = 0.524: Number of active tp =   0
 Time =  5.25000E+07: fraction done = 0.525: Number of active tp =   0
 Time =  5.26000E+07: fraction done = 0.526: Number of active tp =   0
 Time =  5.27000E+07: fraction done = 0.527: Number of active tp =   0
 Time =  5.28000E+07: fraction done = 0.528: Number of active tp =   0
 Time =  5.29000E+07: fraction done = 0.529: Number of active tp =   0
 Time =  5.30000E+07: fraction done = 0.530: Number of active tp =   0
 Time =  5.31000E+07: fraction done = 0.531: Number of active tp =   0
 Time =  5.32000E+07: fraction done = 0.532: Number of active tp =   0
 Time =  5.33000E+07: fraction done = 0.533: Number of active tp =   0
 Time =  5.34000E+07: fraction done = 0.534: Number of active tp =   0
 Time =  5.35000E+07: fraction done = 0.535: Number of active tp =   0
 Time =  5.36000E+07: fraction done = 0.536: Number of active tp =   0
 Time =  5.37000E+07: fraction done = 0.537: Number of active tp =   0
 Time =  5.38000E+07: fraction done = 0.538: Number of active tp =   0
 Time =  5.39000E+07: fraction done = 0.539: Number of active tp =   0
 Time =  5.40000E+07: fraction done = 0.540: Number of active tp =   0
 Time =  5.41000E+07: fraction done = 0.541: Number of active tp =   0
 Time =  5.42000E+07: fraction done = 0.542: Number of active tp =   0
 Time =  5.43000E+07: fraction done = 0.543: Number of active tp =   0
 Time =  5.44000E+07: fraction done = 0.544: Number of active tp =   0
 Time =  5.45000E+07: fraction done = 0.545: Number of active tp =   0
 Time =  5.46000E+07: fraction done = 0.546: Number of active tp =   0
 Time =  5.47000E+07: fraction done = 0.547: Number of active tp =   0
 Time =  5.48000E+07: fraction done = 0.548: Number of active tp =   0
 Time =  5.49000E+07: fraction done = 0.549: Number of active tp =   0
 Time =  5.50000E+07: fraction done = 0.550: Number of active tp =   0
 Time =  5.51000E+07: fraction done = 0.551: Number of active tp =   0
 Time =  5.52000E+07: fraction done = 0.552: Number of active tp =   0
 Time =  5.53000E+07: fraction done = 0.553: Number of active tp =   0
 Time =  5.54000E+07: fraction done = 0.554: Number of active tp =   0
 Time =  5.55000E+07: fraction done = 0.555: Number of active tp =   0
 Time =  5.56000E+07: fraction done = 0.556: Number of active tp =   0
 Time =  5.57000E+07: fraction done = 0.557: Number of active tp =   0
 Time =  5.58000E+07: fraction done = 0.558: Number of active tp =   0
 Time =  5.59000E+07: fraction done = 0.559: Number of active tp =   0
 Time =  5.60000E+07: fraction done = 0.560: Number of active tp =   0
 Time =  5.61000E+07: fraction done = 0.561: Number of active tp =   0
 Time =  5.62000E+07: fraction done = 0.562: Number of active tp =   0
 Time =  5.63000E+07: fraction done = 0.563: Number of active tp =   0
 Time =  5.64000E+07: fraction done = 0.564: Number of active tp =   0
 Time =  5.65000E+07: fraction done = 0.565: Number of active tp =   0
 Time =  5.66000E+07: fraction done = 0.566: Number of active tp =   0
 Time =  5.67000E+07: fraction done = 0.567: Number of active tp =   0
 Time =  5.68000E+07: fraction done = 0.568: Number of active tp =   0
 Time =  5.69000E+07: fraction done = 0.569: Number of active tp =   0
 Time =  5.70000E+07: fraction done = 0.570: Number of active tp =   0
 Time =  5.71000E+07: fraction done = 0.571: Number of active tp =   0
 Time =  5.72000E+07: fraction done = 0.572: Number of active tp =   0
 Time =  5.73000E+07: fraction done = 0.573: Number of active tp =   0
 Time =  5.74000E+07: fraction done = 0.574: Number of active tp =   0
 Time =  5.75000E+07: fraction done = 0.575: Number of active tp =   0
 Time =  5.76000E+07: fraction done = 0.576: Number of active tp =   0
 Time =  5.77000E+07: fraction done = 0.577: Number of active tp =   0
 Time =  5.78000E+07: fraction done = 0.578: Number of active tp =   0
 Time =  5.79000E+07: fraction done = 0.579: Number of active tp =   0
 Time =  5.80000E+07: fraction done = 0.580: Number of active tp =   0
 Time =  5.81000E+07: fraction done = 0.581: Number of active tp =   0
 Time =  5.82000E+07: fraction done = 0.582: Number of active tp =   0
 Time =  5.83000E+07: fraction done = 0.583: Number of active tp =   0
 Time =  5.84000E+07: fraction done = 0.584: Number of active tp =   0
 Time =  5.85000E+07: fraction done = 0.585: Number of active tp =   0
 Time =  5.86000E+07: fraction done = 0.586: Number of active tp =   0
 Time =  5.87000E+07: fraction done = 0.587: Number of active tp =   0
 Time =  5.88000E+07: fraction done = 0.588: Number of active tp =   0
 Time =  5.89000E+07: fraction done = 0.589: Number of active tp =   0
 Time =  5.90000E+07: fraction done = 0.590: Number of active tp =   0
 Time =  5.91000E+07: fraction done = 0.591: Number of active tp =   0
 Time =  5.92000E+07: fraction done = 0.592: Number of active tp =   0
 Time =  5.93000E+07: fraction done = 0.593: Number of active tp =   0
 Time =  5.94000E+07: fraction done = 0.594: Number of active tp =   0
 Time =  5.95000E+07: fraction done = 0.595: Number of active tp =   0
 Time =  5.96000E+07: fraction done = 0.596: Number of active tp =   0
 Time =  5.97000E+07: fraction done = 0.597: Number of active tp =   0
 Time =  5.98000E+07: fraction done = 0.598: Number of active tp =   0
 Time =  5.99000E+07: fraction done = 0.599: Number of active tp =   0
 Time =  6.00000E+07: fraction done = 0.600: Number of active tp =   0
 Time =  6.01000E+07: fraction done = 0.601: Number of active tp =   0
 Time =  6.02000E+07: fraction done = 0.602: Number of active tp =   0
 Time =  6.03000E+07: fraction done = 0.603: Number of active tp =   0
 Time =  6.04000E+07: fraction done = 0.604: Number of active tp =   0
 Time =  6.05000E+07: fraction done = 0.605: Number of active tp =   0
 Time =  6.06000E+07: fraction done = 0.606: Number of active tp =   0
 Time =  6.07000E+07: fraction done = 0.607: Number of active tp =   0
 Time =  6.08000E+07: fraction done = 0.608: Number of active tp =   0
 Time =  6.09000E+07: fraction done = 0.609: Number of active tp =   0
 Time =  6.10000E+07: fraction done = 0.610: Number of active tp =   0
 Time =  6.11000E+07: fraction done = 0.611: Number of active tp =   0
 Time =  6.12000E+07: fraction done = 0.612: Number of active tp =   0
 Time =  6.13000E+07: fraction done = 0.613: Number of active tp =   0
 Time =  6.14000E+07: fraction done = 0.614: Number of active tp =   0
 Time =  6.15000E+07: fraction done = 0.615: Number of active tp =   0
 Time =  6.16000E+07: fraction done = 0.616: Number of active tp =   0
 Time =  6.17000E+07: fraction done = 0.617: Number of active tp =   0
 Time =  6.18000E+07: fraction done = 0.618: Number of active tp =   0
 Time =  6.19000E+07: fraction done = 0.619: Number of active tp =   0
 Time =  6.20000E+07: fraction done = 0.620: Number of active tp =   0
 Time =  6.21000E+07: fraction done = 0.621: Number of active tp =   0
 Time =  6.22000E+07: fraction done = 0.622: Number of active tp =   0
 Time =  6.23000E+07: fraction done = 0.623: Number of active tp =   0
 Time =  6.24000E+07: fraction done = 0.624: Number of active tp =   0
 Time =  6.25000E+07: fraction done = 0.625: Number of active tp =   0
 Time =  6.26000E+07: fraction done = 0.626: Number of active tp =   0
 Time =  6.27000E+07: fraction done = 0.627: Number of active tp =   0
 Time =  6.28000E+07: fraction done = 0.628: Number of active tp =   0
 Time =  6.29000E+07: fraction done = 0.629: Number of active tp =   0
 Time =  6.30000E+07: fraction done = 0.630: Number of active tp =   0
 Time =  6.31000E+07: fraction done = 0.631: Number of active tp =   0
 Time =  6.32000E+07: fraction done = 0.632: Number of active tp =   0
 Time =  6.33000E+07: fraction done = 0.633: Number of active tp =   0
 Time =  6.34000E+07: fraction done = 0.634: Number of active tp =   0
 Time =  6.35000E+07: fraction done = 0.635: Number of active tp =   0
 Time =  6.36000E+07: fraction done = 0.636: Number of active tp =   0
 Time =  6.37000E+07: fraction done = 0.637: Number of active tp =   0
 Time =  6.38000E+07: fraction done = 0.638: Number of active tp =   0
 Time =  6.39000E+07: fraction done = 0.639: Number of active tp =   0
 Time =  6.40000E+07: fraction done = 0.640: Number of active tp =   0
 Time =  6.41000E+07: fraction done = 0.641: Number of active tp =   0
 Time =  6.42000E+07: fraction done = 0.642: Number of active tp =   0
 Time =  6.43000E+07: fraction done = 0.643: Number of active tp =   0
 Time =  6.44000E+07: fraction done = 0.644: Number of active tp =   0
 Time =  6.45000E+07: fraction done = 0.645: Number of active tp =   0
 Time =  6.46000E+07: fraction done = 0.646: Number of active tp =   0
 Time =  6.47000E+07: fraction done = 0.647: Number of active tp =   0
 Time =  6.48000E+07: fraction done = 0.648: Number of active tp =   0
 Time =  6.49000E+07: fraction done = 0.649: Number of active tp =   0
 Time =  6.50000E+07: fraction done = 0.650: Number of active tp =   0
 Time =  6.51000E+07: fraction done = 0.651: Number of active tp =   0
 Time =  6.52000E+07: fraction done = 0.652: Number of active tp =   0
 Time =  6.53000E+07: fraction done = 0.653: Number of active tp =   0
 Time =  6.54000E+07: fraction done = 0.654: Number of active tp =   0
 Time =  6.55000E+07: fraction done = 0.655: Number of active tp =   0
 Time =  6.56000E+07: fraction done = 0.656: Number of active tp =   0
 Time =  6.57000E+07: fraction done = 0.657: Number of active tp =   0
 Time =  6.58000E+07: fraction done = 0.658: Number of active tp =   0
 Time =  6.59000E+07: fraction done = 0.659: Number of active tp =   0
 Time =  6.60000E+07: fraction done = 0.660: Number of active tp =   0
 Time =  6.61000E+07: fraction done = 0.661: Number of active tp =   0
 Time =  6.62000E+07: fraction done = 0.662: Number of active tp =   0
 Time =  6.63000E+07: fraction done = 0.663: Number of active tp =   0
 Time =  6.64000E+07: fraction done = 0.664: Number of active tp =   0
 Time =  6.65000E+07: fraction done = 0.665: Number of active tp =   0
 Time =  6.66000E+07: fraction done = 0.666: Number of active tp =   0
 Time =  6.67000E+07: fraction done = 0.667: Number of active tp =   0
 Time =  6.68000E+07: fraction done = 0.668: Number of active tp =   0
 Time =  6.69000E+07: fraction done = 0.669: Number of active tp =   0
 Time =  6.70000E+07: fraction done = 0.670: Number of active tp =   0
 Time =  6.71000E+07: fraction done = 0.671: Number of active tp =   0
 Time =  6.72000E+07: fraction done = 0.672: Number of active tp =   0
 Time =  6.73000E+07: fraction done = 0.673: Number of active tp =   0
 Time =  6.74000E+07: fraction done = 0.674: Number of active tp =   0
 Time =  6.75000E+07: fraction done = 0.675: Number of active tp =   0
 Time =  6.76000E+07: fraction done = 0.676: Number of active tp =   0
 Time =  6.77000E+07: fraction done = 0.677: Number of active tp =   0
 Time =  6.78000E+07: fraction done = 0.678: Number of active tp =   0
 Time =  6.79000E+07: fraction done = 0.679: Number of active tp =   0
 Time =  6.80000E+07: fraction done = 0.680: Number of active tp =   0
 Time =  6.81000E+07: fraction done = 0.681: Number of active tp =   0
 Time =  6.82000E+07: fraction done = 0.682: Number of active tp =   0
 Time =  6.83000E+07: fraction done = 0.683: Number of active tp =   0
 Time =  6.84000E+07: fraction done = 0.684: Number of active tp =   0
 Time =  6.85000E+07: fraction done = 0.685: Number of active tp =   0
 Time =  6.86000E+07: fraction done = 0.686: Number of active tp =   0
 Time =  6.87000E+07: fraction done = 0.687: Number of active tp =   0
 Time =  6.88000E+07: fraction done = 0.688: Number of active tp =   0
 Time =  6.89000E+07: fraction done = 0.689: Number of active tp =   0
 Time =  6.90000E+07: fraction done = 0.690: Number of active tp =   0
 Time =  6.91000E+07: fraction done = 0.691: Number of active tp =   0
 Time =  6.92000E+07: fraction done = 0.692: Number of active tp =   0
 Time =  6.93000E+07: fraction done = 0.693: Number of active tp =   0
 Time =  6.94000E+07: fraction done = 0.694: Number of active tp =   0
 Time =  6.95000E+07: fraction done = 0.695: Number of active tp =   0
 Time =  6.96000E+07: fraction done = 0.696: Number of active tp =   0
 Time =  6.97000E+07: fraction done = 0.697: Number of active tp =   0
 Time =  6.98000E+07: fraction done = 0.698: Number of active tp =   0
 Time =  6.99000E+07: fraction done = 0.699: Number of active tp =   0
 Time =  7.00000E+07: fraction done = 0.700: Number of active tp =   0
 Time =  7.01000E+07: fraction done = 0.701: Number of active tp =   0
 Time =  7.02000E+07: fraction done = 0.702: Number of active tp =   0
 Time =  7.03000E+07: fraction done = 0.703: Number of active tp =   0
 Time =  7.04000E+07: fraction done = 0.704: Number of active tp =   0
 Time =  7.05000E+07: fraction done = 0.705: Number of active tp =   0
 Time =  7.06000E+07: fraction done = 0.706: Number of active tp =   0
 Time =  7.07000E+07: fraction done = 0.707: Number of active tp =   0
 Time =  7.08000E+07: fraction done = 0.708: Number of active tp =   0
 Time =  7.09000E+07: fraction done = 0.709: Number of active tp =   0
 Time =  7.10000E+07: fraction done = 0.710: Number of active tp =   0
 Time =  7.11000E+07: fraction done = 0.711: Number of active tp =   0
 Time =  7.12000E+07: fraction done = 0.712: Number of active tp =   0
 Time =  7.13000E+07: fraction done = 0.713: Number of active tp =   0
 Time =  7.14000E+07: fraction done = 0.714: Number of active tp =   0
 Time =  7.15000E+07: fraction done = 0.715: Number of active tp =   0
 Time =  7.16000E+07: fraction done = 0.716: Number of active tp =   0
 Time =  7.17000E+07: fraction done = 0.717: Number of active tp =   0
 Time =  7.18000E+07: fraction done = 0.718: Number of active tp =   0
 Time =  7.19000E+07: fraction done = 0.719: Number of active tp =   0
 Time =  7.20000E+07: fraction done = 0.720: Number of active tp =   0
 Time =  7.21000E+07: fraction done = 0.721: Number of active tp =   0
 Time =  7.22000E+07: fraction done = 0.722: Number of active tp =   0
 Time =  7.23000E+07: fraction done = 0.723: Number of active tp =   0
 Time =  7.24000E+07: fraction done = 0.724: Number of active tp =   0
 Time =  7.25000E+07: fraction done = 0.725: Number of active tp =   0
 Time =  7.26000E+07: fraction done = 0.726: Number of active tp =   0
 Time =  7.27000E+07: fraction done = 0.727: Number of active tp =   0
 Time =  7.28000E+07: fraction done = 0.728: Number of active tp =   0
 Time =  7.29000E+07: fraction done = 0.729: Number of active tp =   0
 Time =  7.30000E+07: fraction done = 0.730: Number of active tp =   0
 Time =  7.31000E+07: fraction done = 0.731: Number of active tp =   0
 Time =  7.32000E+07: fraction done = 0.732: Number of active tp =   0
 Time =  7.33000E+07: fraction done = 0.733: Number of active tp =   0
 Time =  7.34000E+07: fraction done = 0.734: Number of active tp =   0
 Time =  7.35000E+07: fraction done = 0.735: Number of active tp =   0
 Time =  7.36000E+07: fraction done = 0.736: Number of active tp =   0
 Time =  7.37000E+07: fraction done = 0.737: Number of active tp =   0
 Time =  7.38000E+07: fraction done = 0.738: Number of active tp =   0
 Time =  7.39000E+07: fraction done = 0.739: Number of active tp =   0
 Time =  7.40000E+07: fraction done = 0.740: Number of active tp =   0
 Time =  7.41000E+07: fraction done = 0.741: Number of active tp =   0
 Time =  7.42000E+07: fraction done = 0.742: Number of active tp =   0
 Time =  7.43000E+07: fraction done = 0.743: Number of active tp =   0
 Time =  7.44000E+07: fraction done = 0.744: Number of active tp =   0
 Time =  7.45000E+07: fraction done = 0.745: Number of active tp =   0
 Time =  7.46000E+07: fraction done = 0.746: Number of active tp =   0
 Time =  7.47000E+07: fraction done = 0.747: Number of active tp =   0
 Time =  7.48000E+07: fraction done = 0.748: Number of active tp =   0
 Time =  7.49000E+07: fraction done = 0.749: Number of active tp =   0
 Time =  7.50000E+07: fraction done = 0.750: Number of active tp =   0
 Time =  7.51000E+07: fraction done = 0.751: Number of active tp =   0
 Time =  7.52000E+07: fraction done = 0.752: Number of active tp =   0
 Time =  7.53000E+07: fraction done = 0.753: Number of active tp =   0
 Time =  7.54000E+07: fraction done = 0.754: Number of active tp =   0
 Time =  7.55000E+07: fraction done = 0.755: Number of active tp =   0
 Time =  7.56000E+07: fraction done = 0.756: Number of active tp =   0
 Time =  7.57000E+07: fraction done = 0.757: Number of active tp =   0
 Time =  7.58000E+07: fraction done = 0.758: Number of active tp =   0
 Time =  7.59000E+07: fraction done = 0.759: Number of active tp =   0
 Time =  7.60000E+07: fraction done = 0.760: Number of active tp =   0
 Time =  7.61000E+07: fraction done = 0.761: Number of active tp =   0
 Time =  7.62000E+07: fraction done = 0.762: Number of active tp =   0
 Time =  7.63000E+07: fraction done = 0.763: Number of active tp =   0
 Time =  7.64000E+07: fraction done = 0.764: Number of active tp =   0
 Time =  7.65000E+07: fraction done = 0.765: Number of active tp =   0
 Time =  7.66000E+07: fraction done = 0.766: Number of active tp =   0
 Time =  7.67000E+07: fraction done = 0.767: Number of active tp =   0
 Time =  7.68000E+07: fraction done = 0.768: Number of active tp =   0
 Time =  7.69000E+07: fraction done = 0.769: Number of active tp =   0
 Time =  7.70000E+07: fraction done = 0.770: Number of active tp =   0
 Time =  7.71000E+07: fraction done = 0.771: Number of active tp =   0
 Time =  7.72000E+07: fraction done = 0.772: Number of active tp =   0
 Time =  7.73000E+07: fraction done = 0.773: Number of active tp =   0
 Time =  7.74000E+07: fraction done = 0.774: Number of active tp =   0
 Time =  7.75000E+07: fraction done = 0.775: Number of active tp =   0
 Time =  7.76000E+07: fraction done = 0.776: Number of active tp =   0
 Time =  7.77000E+07: fraction done = 0.777: Number of active tp =   0
 Time =  7.78000E+07: fraction done = 0.778: Number of active tp =   0
 Time =  7.79000E+07: fraction done = 0.779: Number of active tp =   0
 Time =  7.80000E+07: fraction done = 0.780: Number of active tp =   0
 Time =  7.81000E+07: fraction done = 0.781: Number of active tp =   0
 Time =  7.82000E+07: fraction done = 0.782: Number of active tp =   0
 Time =  7.83000E+07: fraction done = 0.783: Number of active tp =   0
 Time =  7.84000E+07: fraction done = 0.784: Number of active tp =   0
 Time =  7.85000E+07: fraction done = 0.785: Number of active tp =   0
 Time =  7.86000E+07: fraction done = 0.786: Number of active tp =   0
 Time =  7.87000E+07: fraction done = 0.787: Number of active tp =   0
 Time =  7.88000E+07: fraction done = 0.788: Number of active tp =   0
 Time =  7.89000E+07: fraction done = 0.789: Number of active tp =   0
 Time =  7.90000E+07: fraction done = 0.790: Number of active tp =   0
 Time =  7.91000E+07: fraction done = 0.791: Number of active tp =   0
 Time =  7.92000E+07: fraction done = 0.792: Number of active tp =   0
 Time =  7.93000E+07: fraction done = 0.793: Number of active tp =   0
 Time =  7.94000E+07: fraction done = 0.794: Number of active tp =   0
 Time =  7.95000E+07: fraction done = 0.795: Number of active tp =   0
 Time =  7.96000E+07: fraction done = 0.796: Number of active tp =   0
 Time =  7.97000E+07: fraction done = 0.797: Number of active tp =   0
 Time =  7.98000E+07: fraction done = 0.798: Number of active tp =   0
 Time =  7.99000E+07: fraction done = 0.799: Number of active tp =   0
 Time =  8.00000E+07: fraction done = 0.800: Number of active tp =   0
 Time =  8.01000E+07: fraction done = 0.801: Number of active tp =   0
 Time =  8.02000E+07: fraction done = 0.802: Number of active tp =   0
 Time =  8.03000E+07: fraction done = 0.803: Number of active tp =   0
 Time =  8.04000E+07: fraction done = 0.804: Number of active tp =   0
 Time =  8.05000E+07: fraction done = 0.805: Number of active tp =   0
 Time =  8.06000E+07: fraction done = 0.806: Number of active tp =   0
 Time =  8.07000E+07: fraction done = 0.807: Number of active tp =   0
 Time =  8.08000E+07: fraction done = 0.808: Number of active tp =   0
 Time =  8.09000E+07: fraction done = 0.809: Number of active tp =   0
 Time =  8.10000E+07: fraction done = 0.810: Number of active tp =   0
 Time =  8.11000E+07: fraction done = 0.811: Number of active tp =   0
 Time =  8.12000E+07: fraction done = 0.812: Number of active tp =   0
 Time =  8.13000E+07: fraction done = 0.813: Number of active tp =   0
 Time =  8.14000E+07: fraction done = 0.814: Number of active tp =   0
 Time =  8.15000E+07: fraction done = 0.815: Number of active tp =   0
 Time =  8.16000E+07: fraction done = 0.816: Number of active tp =   0
 Time =  8.17000E+07: fraction done = 0.817: Number of active tp =   0
 Time =  8.18000E+07: fraction done = 0.818: Number of active tp =   0
 Time =  8.19000E+07: fraction done = 0.819: Number of active tp =   0
 Time =  8.20000E+07: fraction done = 0.820: Number of active tp =   0
 Time =  8.21000E+07: fraction done = 0.821: Number of active tp =   0
 Time =  8.22000E+07: fraction done = 0.822: Number of active tp =   0
 Time =  8.23000E+07: fraction done = 0.823: Number of active tp =   0
 Time =  8.24000E+07: fraction done = 0.824: Number of active tp =   0
 Time =  8.25000E+07: fraction done = 0.825: Number of active tp =   0
 Time =  8.26000E+07: fraction done = 0.826: Number of active tp =   0
 Time =  8.27000E+07: fraction done = 0.827: Number of active tp =   0
 Time =  8.28000E+07: fraction done = 0.828: Number of active tp =   0
 Time =  8.29000E+07: fraction done = 0.829: Number of active tp =   0
 Time =  8.30000E+07: fraction done = 0.830: Number of active tp =   0
 Time =  8.31000E+07: fraction done = 0.831: Number of active tp =   0
 Time =  8.32000E+07: fraction done = 0.832: Number of active tp =   0
 Time =  8.33000E+07: fraction done = 0.833: Number of active tp =   0
 Time =  8.34000E+07: fraction done = 0.834: Number of active tp =   0
 Time =  8.35000E+07: fraction done = 0.835: Number of active tp =   0
 Time =  8.36000E+07: fraction done = 0.836: Number of active tp =   0
 Time =  8.37000E+07: fraction done = 0.837: Number of active tp =   0
 Time =  8.38000E+07: fraction done = 0.838: Number of active tp =   0
 Time =  8.39000E+07: fraction done = 0.839: Number of active tp =   0
 Time =  8.40000E+07: fraction done = 0.840: Number of active tp =   0
 Time =  8.41000E+07: fraction done = 0.841: Number of active tp =   0
 Time =  8.42000E+07: fraction done = 0.842: Number of active tp =   0
 Time =  8.43000E+07: fraction done = 0.843: Number of active tp =   0
 Time =  8.44000E+07: fraction done = 0.844: Number of active tp =   0
 Time =  8.45000E+07: fraction done = 0.845: Number of active tp =   0
 Time =  8.46000E+07: fraction done = 0.846: Number of active tp =   0
 Time =  8.47000E+07: fraction done = 0.847: Number of active tp =   0
 Time =  8.48000E+07: fraction done = 0.848: Number of active tp =   0
 Time =  8.49000E+07: fraction done = 0.849: Number of active tp =   0
 Time =  8.50000E+07: fraction done = 0.850: Number of active tp =   0
 Time =  8.51000E+07: fraction done = 0.851: Number of active tp =   0
 Time =  8.52000E+07: fraction done = 0.852: Number of active tp =   0
 Time =  8.53000E+07: fraction done = 0.853: Number of active tp =   0
 Time =  8.54000E+07: fraction done = 0.854: Number of active tp =   0
 Time =  8.55000E+07: fraction done = 0.855: Number of active tp =   0
 Time =  8.56000E+07: fraction done = 0.856: Number of active tp =   0
 Time =  8.57000E+07: fraction done = 0.857: Number of active tp =   0
 Time =  8.58000E+07: fraction done = 0.858: Number of active tp =   0
 Time =  8.59000E+07: fraction done = 0.859: Number of active tp =   0
 Time =  8.60000E+07: fraction done = 0.860: Number of active tp =   0
 Time =  8.61000E+07: fraction done = 0.861: Number of active tp =   0
 Time =  8.62000E+07: fraction done = 0.862: Number of active tp =   0
 Time =  8.63000E+07: fraction done = 0.863: Number of active tp =   0
 Time =  8.64000E+07: fraction done = 0.864: Number of active tp =   0
 Time =  8.65000E+07: fraction done = 0.865: Number of active tp =   0
 Time =  8.66000E+07: fraction done = 0.866: Number of active tp =   0
 Time =  8.67000E+07: fraction done = 0.867: Number of active tp =   0
 Time =  8.68000E+07: fraction done = 0.868: Number of active tp =   0
 Time =  8.69000E+07: fraction done = 0.869: Number of active tp =   0
 Time =  8.70000E+07: fraction done = 0.870: Number of active tp =   0
 Time =  8.71000E+07: fraction done = 0.871: Number of active tp =   0
 Time =  8.72000E+07: fraction done = 0.872: Number of active tp =   0
 Time =  8.73000E+07: fraction done = 0.873: Number of active tp =   0
 Time =  8.74000E+07: fraction done = 0.874: Number of active tp =   0
 Time =  8.75000E+07: fraction done = 0.875: Number of active tp =   0
 Time =  8.76000E+07: fraction done = 0.876: Number of active tp =   0
 Time =  8.77000E+07: fraction done = 0.877: Number of active tp =   0
 Time =  8.78000E+07: fraction done = 0.878: Number of active tp =   0
 Time =  8.79000E+07: fraction done = 0.879: Number of active tp =   0
 Time =  8.80000E+07: fraction done = 0.880: Number of active tp =   0
 Time =  8.81000E+07: fraction done = 0.881: Number of active tp =   0
 Time =  8.82000E+07: fraction done = 0.882: Number of active tp =   0
 Time =  8.83000E+07: fraction done = 0.883: Number of active tp =   0
 Time =  8.84000E+07: fraction done = 0.884: Number of active tp =   0
 Time =  8.85000E+07: fraction done = 0.885: Number of active tp =   0
 Time =  8.86000E+07: fraction done = 0.886: Number of active tp =   0
 Time =  8.87000E+07: fraction done = 0.887: Number of active tp =   0
 Time =  8.88000E+07: fraction done = 0.888: Number of active tp =   0
 Time =  8.89000E+07: fraction done = 0.889: Number of active tp =   0
 Time =  8.90000E+07: fraction done = 0.890: Number of active tp =   0
 Time =  8.91000E+07: fraction done = 0.891: Number of active tp =   0
 Time =  8.92000E+07: fraction done = 0.892: Number of active tp =   0
 Time =  8.93000E+07: fraction done = 0.893: Number of active tp =   0
 Time =  8.94000E+07: fraction done = 0.894: Number of active tp =   0
 Time =  8.95000E+07: fraction done = 0.895: Number of active tp =   0
 Time =  8.96000E+07: fraction done = 0.896: Number of active tp =   0
 Time =  8.97000E+07: fraction done = 0.897: Number of active tp =   0
 Time =  8.98000E+07: fraction done = 0.898: Number of active tp =   0
 Time =  8.99000E+07: fraction done = 0.899: Number of active tp =   0
 Time =  9.00000E+07: fraction done = 0.900: Number of active tp =   0
 Time =  9.01000E+07: fraction done = 0.901: Number of active tp =   0
 Time =  9.02000E+07: fraction done = 0.902: Number of active tp =   0
 Time =  9.03000E+07: fraction done = 0.903: Number of active tp =   0
 Time =  9.04000E+07: fraction done = 0.904: Number of active tp =   0
 Time =  9.05000E+07: fraction done = 0.905: Number of active tp =   0
 Time =  9.06000E+07: fraction done = 0.906: Number of active tp =   0
 Time =  9.07000E+07: fraction done = 0.907: Number of active tp =   0
 Time =  9.08000E+07: fraction done = 0.908: Number of active tp =   0
 Time =  9.09000E+07: fraction done = 0.909: Number of active tp =   0
 Time =  9.10000E+07: fraction done = 0.910: Number of active tp =   0
 Time =  9.11000E+07: fraction done = 0.911: Number of active tp =   0
 Time =  9.12000E+07: fraction done = 0.912: Number of active tp =   0
 Time =  9.13000E+07: fraction done = 0.913: Number of active tp =   0
 Time =  9.14000E+07: fraction done = 0.914: Number of active tp =   0
 Time =  9.15000E+07: fraction done = 0.915: Number of active tp =   0
 Time =  9.16000E+07: fraction done = 0.916: Number of active tp =   0
 Time =  9.17000E+07: fraction done = 0.917: Number of active tp =   0
 Time =  9.18000E+07: fraction done = 0.918: Number of active tp =   0
 Time =  9.19000E+07: fraction done = 0.919: Number of active tp =   0
 Time =  9.20000E+07: fraction done = 0.920: Number of active tp =   0
 Time =  9.21000E+07: fraction done = 0.921: Number of active tp =   0
 Time =  9.22000E+07: fraction done = 0.922: Number of active tp =   0
 Time =  9.23000E+07: fraction done = 0.923: Number of active tp =   0
 Time =  9.24000E+07: fraction done = 0.924: Number of active tp =   0
 Time =  9.25000E+07: fraction done = 0.925: Number of active tp =   0
 Time =  9.26000E+07: fraction done = 0.926: Number of active tp =   0
 Time =  9.27000E+07: fraction done = 0.927: Number of active tp =   0
 Time =  9.28000E+07: fraction done = 0.928: Number of active tp =   0
 Time =  9.29000E+07: fraction done = 0.929: Number of active tp =   0
 Time =  9.30000E+07: fraction done = 0.930: Number of active tp =   0
 Time =  9.31000E+07: fraction done = 0.931: Number of active tp =   0
 Time =  9.32000E+07: fraction done = 0.932: Number of active tp =   0
 Time =  9.33000E+07: fraction done = 0.933: Number of active tp =   0
 Time =  9.34000E+07: fraction done = 0.934: Number of active tp =   0
 Time =  9.35000E+07: fraction done = 0.935: Number of active tp =   0
 Time =  9.36000E+07: fraction done = 0.936: Number of active tp =   0
 Time =  9.37000E+07: fraction done = 0.937: Number of active tp =   0
 Time =  9.38000E+07: fraction done = 0.938: Number of active tp =   0
 Time =  9.39000E+07: fraction done = 0.939: Number of active tp =   0
 Time =  9.40000E+07: fraction done = 0.940: Number of active tp =   0
 Time =  9.41000E+07: fraction done = 0.941: Number of active tp =   0
 Time =  9.42000E+07: fraction done = 0.942: Number of active tp =   0
 Time =  9.43000E+07: fraction done = 0.943: Number of active tp =   0
 Time =  9.44000E+07: fraction done = 0.944: Number of active tp =   0
 Time =  9.45000E+07: fraction done = 0.945: Number of active tp =   0
 Time =  9.46000E+07: fraction done = 0.946: Number of active tp =   0
 Time =  9.47000E+07: fraction done = 0.947: Number of active tp =   0
 Time =  9.48000E+07: fraction done = 0.948: Number of active tp =   0
 Time =  9.49000E+07: fraction done = 0.949: Number of active tp =   0
 Time =  9.50000E+07: fraction done = 0.950: Number of active tp =   0
 Time =  9.51000E+07: fraction done = 0.951: Number of active tp =   0
 Time =  9.52000E+07: fraction done = 0.952: Number of active tp =   0
 Time =  9.53000E+07: fraction done = 0.953: Number of active tp =   0
 Time =  9.54000E+07: fraction done = 0.954: Number of active tp =   0
 Time =  9.55000E+07: fraction done = 0.955: Number of active tp =   0
 Time =  9.56000E+07: fraction done = 0.956: Number of active tp =   0
 Time =  9.57000E+07: fraction done = 0.957: Number of active tp =   0
 Time =  9.58000E+07: fraction done = 0.958: Number of active tp =   0
 Time =  9.59000E+07: fraction done = 0.959: Number of active tp =   0
 Time =  9.60000E+07: fraction done = 0.960: Number of active tp =   0
 Time =  9.61000E+07: fraction done = 0.961: Number of active tp =   0
 Time =  9.62000E+07: fraction done = 0.962: Number of active tp =   0
 Time =  9.63000E+07: fraction done = 0.963: Number of active tp =   0
 Time =  9.64000E+07: fraction done = 0.964: Number of active tp =   0
 Time =  9.65000E+07: fraction done = 0.965: Number of active tp =   0
 Time =  9.66000E+07: fraction done = 0.966: Number of active tp =   0
 Time =  9.67000E+07: fraction done = 0.967: Number of active tp =   0
 Time =  9.68000E+07: fraction done = 0.968: Number of active tp =   0
 Time =  9.69000E+07: fraction done = 0.969: Number of active tp =   0
 Time =  9.70000E+07: fraction done = 0.970: Number of active tp =   0
 Time =  9.71000E+07: fraction done = 0.971: Number of active tp =   0
 Time =  9.72000E+07: fraction done = 0.972: Number of active tp =   0
 Time =  9.73000E+07: fraction done = 0.973: Number of active tp =   0
 Time =  9.74000E+07: fraction done = 0.974: Number of active tp =   0
 Time =  9.75000E+07: fraction done = 0.975: Number of active tp =   0
 Time =  9.76000E+07: fraction done = 0.976: Number of active tp =   0
 Time =  9.77000E+07: fraction done = 0.977: Number of active tp =   0
 Time =  9.78000E+07: fraction done = 0.978: Number of active tp =   0
 Time =  9.79000E+07: fraction done = 0.979: Number of active tp =   0
 Time =  9.80000E+07: fraction done = 0.980: Number of active tp =   0
 Time =  9.81000E+07: fraction done = 0.981: Number of active tp =   0
 Time =  9.82000E+07: fraction done = 0.982: Number of active tp =   0
 Time =  9.83000E+07: fraction done = 0.983: Number of active tp =   0
 Time =  9.84000E+07: fraction done = 0.984: Number of active tp =   0
 Time =  9.85000E+07: fraction done = 0.985: Number of active tp =   0
 Time =  9.86000E+07: fraction done = 0.986: Number of active tp =   0
 Time =  9.87000E+07: fraction done = 0.987: Number of active tp =   0
 Time =  9.88000E+07: fraction done = 0.988: Number of active tp =   0
 Time =  9.89000E+07: fraction done = 0.989: Number of active tp =   0
 Time =  9.90000E+07: fraction done = 0.990: Number of active tp =   0
 Time =  9.91000E+07: fraction done = 0.991: Number of active tp =   0
 Time =  9.92000E+07: fraction done = 0.992: Number of active tp =   0
 Time =  9.93000E+07: fraction done = 0.993: Number of active tp =   0
 Time =  9.94000E+07: fraction done = 0.994: Number of active tp =   0
 Time =  9.95000E+07: fraction done = 0.995: Number of active tp =   0
 Time =  9.96000E+07: fraction done = 0.996: Number of active tp =   0
 Time =  9.97000E+07: fraction done = 0.997: Number of active tp =   0
 Time =  9.98000E+07: fraction done = 0.998: Number of active tp =   0
 Time =  9.99000E+07: fraction done = 0.999: Number of active tp =   0
 Time =  1.00000E+08: fraction done = 1.000: Number of active tp =   0
  
Normal termination of SWIFT (version 2.0)
 ----------------------------------------------------
